*   Trying 167.99.195.129:443...
* Connected to sandbox.vtpass.com (167.99.195.129) port 443 (#0)
* ALPN, offering http/1.1
* successfully set certificate verify locations:
*  CAfile: C:\xampp1\apache\bin\curl-ca-bundle.crt
*  CApath: none
* SSL connection using TLSv1.3 / TLS_AES_256_GCM_SHA384
* ALPN, server accepted to use http/1.1
* Server certificate:
*  subject: CN=sandbox.vtpass.com
*  start date: Jun 28 01:05:10 2023 GMT
*  expire date: Sep 26 01:05:09 2023 GMT
*  subjectAltName: host "sandbox.vtpass.com" matched cert's "sandbox.vtpass.com"
*  issuer: C=US; O=Let's Encrypt; CN=R3
*  SSL certificate verify ok.
* Server auth using Basic with user 'Moevanenterprise@gmail.com'
> POST /api/pay HTTP/1.1
Host: sandbox.vtpass.com
Authorization: Basic TW9ldmFuZW50ZXJwcmlzZUBnbWFpbC5jb206UHJvbWlzZTEyMzQ=
Accept: */*
Accept-Encoding: deflate, gzip
Content-Length: 475
Content-Type: multipart/form-data; boundary=------------------------92728b009bc3bb73

* We are completely uploaded and fine
* old SSL session ID is stale, removing
* Mark bundle as not supporting multiuse
< HTTP/1.1 200 OK
< Server: nginx
< Date: Thu, 24 Aug 2023 10:41:00 GMT
< Content-Type: application/json
< Transfer-Encoding: chunked
< Connection: keep-alive
< Vary: Accept-Encoding
< Access-Control-Allow-Credentials: true
< Access-Control-Allow-Origin: *
< Access-Control-Allow-Methods: *
< Access-Control-Allow-Headers: *
< Cache-Control: private, must-revalidate
< pragma: no-cache
< expires: -1
< Set-Cookie: laravel_session=eyJpdiI6IjNOdFNLUFdVandQQVgrTmZNN2RcL0dRPT0iLCJ2YWx1ZSI6IjJuK3ByWklQdTdnZ3c5QjZJR3dGdmVMdzhGS1lsNlA0ME4zSURcL3pSM2NoRW0yODhDSktrWXd2Vks3K1wvNCtxQWpcL3RHN2E5WGI5UFVLTWZuUUtUN0RnPT0iLCJtYWMiOiIyNzg5OTkwZWI1NDcyNTliMDEyNTlmY2FhYjhjZmY0MjY1NDRmY2ZkNGE3YmFlNjVkZTM2NTNkMzU0OTU1MjExIn0%3D; expires=Mon, 23-Oct-2023 10:41:00 GMT; Max-Age=5184000; path=/; HttpOnly
< Content-Encoding: gzip
< 
* Connection #0 to host sandbox.vtpass.com left intact
